[2014-03-03 11:11:19] START
[2014-03-03 11:11:19] EDIT py2manager/controllers/default.py: 4
[2014-03-03 11:12:43] EDIT py2manager/controllers/default.py: -1
[2014-03-03 11:13:09] CREATE add.html: 0
[2014-03-03 11:22:35] EDIT py2manager/views/add.html: 23
[2014-03-03 11:32:47] EDIT py2manager/controllers/default.py: 4
[2014-03-03 11:33:53] CREATE company.html: 0
[2014-03-03 11:35:24] EDIT py2manager/views/company.html: 19
[2014-03-03 11:41:43] EDIT py2manager/controllers/default.py: -1
[2014-03-03 11:43:25] EDIT py2manager/views/default/index.html: -9
[2014-03-03 12:03:01] EDIT py2manager/models/db_tasks.py: 4
[2014-03-03 12:06:18] EDIT py2manager/views/web2py_ajax.html: 0
[2014-03-03 12:10:45] EDIT py2manager/controllers/default.py: 2
[2014-03-03 12:12:24] EDIT py2manager/controllers/default.py: 0
[2014-03-03 13:35:08] EDIT py2manager/controllers/default.py: 2
[2014-03-03 13:36:36] EDIT py2manager/views/company.html: 1
[2014-03-03 13:40:01] EDIT py2manager/controllers/default.py: 6
[2014-03-03 13:40:26] CREATE employee.html: 0
[2014-03-03 13:41:00] EDIT py2manager/views/employee.html: 1
[2014-03-03 13:45:47] EDIT py2manager/controllers/default.py: -2
[2014-03-03 13:55:39] EDIT py2manager/models/db_tasks.py: 7
[2014-03-03 13:56:42] EDIT py2manager/models/db_tasks.py: 2
[2014-03-03 14:04:49] EDIT py2manager/controllers/default.py: 9
[2014-03-03 14:06:10] EDIT py2manager/controllers/default.py: 0
[2014-03-03 14:07:24] EDIT py2manager/controllers/default.py: 0
[2014-03-03 14:21:56] EDIT py2manager/controllers/default.py: -1
[2014-03-03 14:23:11] EDIT py2manager/controllers/default.py: 0
[2014-03-03 14:23:47] EDIT py2manager/controllers/default.py: 0
[2014-03-03 14:25:38] EDIT py2manager/controllers/default.py: 0
[2014-03-03 14:26:24] EDIT py2manager/controllers/default.py: 0
[2014-03-03 14:26:56] EDIT py2manager/controllers/default.py: 0
[2014-03-03 14:28:58] CREATE default/note.html: 0
[2014-03-03 14:30:23] EDIT py2manager/views/default/note.html: 9
[2014-03-03 16:11:03] EDIT py2manager/controllers/default.py: 0
